# installing zipimport hook
import zipimport # builtin
# installed zipimport hook
# trying /usr/lib/python2.6/site.so
# trying /usr/lib/python2.6/sitemodule.so
# trying /usr/lib/python2.6/site.py
# /usr/lib/python2.6/site.pyc matches /usr/lib/python2.6/site.py
import site # precompiled from /usr/lib/python2.6/site.pyc
# trying /usr/lib/python2.6/os.so
# trying /usr/lib/python2.6/osmodule.so
# trying /usr/lib/python2.6/os.py
# /usr/lib/python2.6/os.pyc matches /usr/lib/python2.6/os.py
import os # precompiled from /usr/lib/python2.6/os.pyc
import errno # builtin
import posix # builtin
# trying /usr/lib/python2.6/posixpath.so
# trying /usr/lib/python2.6/posixpathmodule.so
# trying /usr/lib/python2.6/posixpath.py
# /usr/lib/python2.6/posixpath.pyc matches /usr/lib/python2.6/posixpath.py
import posixpath # precompiled from /usr/lib/python2.6/posixpath.pyc
# trying /usr/lib/python2.6/stat.so
# trying /usr/lib/python2.6/statmodule.so
# trying /usr/lib/python2.6/stat.py
# /usr/lib/python2.6/stat.pyc matches /usr/lib/python2.6/stat.py
import stat # precompiled from /usr/lib/python2.6/stat.pyc
# trying /usr/lib/python2.6/genericpath.so
# trying /usr/lib/python2.6/genericpathmodule.so
# trying /usr/lib/python2.6/genericpath.py
# /usr/lib/python2.6/genericpath.pyc matches /usr/lib/python2.6/genericpath.py
import genericpath # precompiled from /usr/lib/python2.6/genericpath.pyc
# trying /usr/lib/python2.6/warnings.so
# trying /usr/lib/python2.6/warningsmodule.so
# trying /usr/lib/python2.6/warnings.py
# /usr/lib/python2.6/warnings.pyc matches /usr/lib/python2.6/warnings.py
import warnings # precompiled from /usr/lib/python2.6/warnings.pyc
# trying /usr/lib/python2.6/linecache.so
# trying /usr/lib/python2.6/linecachemodule.so
# trying /usr/lib/python2.6/linecache.py
# /usr/lib/python2.6/linecache.pyc matches /usr/lib/python2.6/linecache.py
import linecache # precompiled from /usr/lib/python2.6/linecache.pyc
# trying /usr/lib/python2.6/types.so
# trying /usr/lib/python2.6/typesmodule.so
# trying /usr/lib/python2.6/types.py
# /usr/lib/python2.6/types.pyc matches /usr/lib/python2.6/types.py
import types # precompiled from /usr/lib/python2.6/types.pyc
# trying /usr/lib/python2.6/UserDict.so
# trying /usr/lib/python2.6/UserDictmodule.so
# trying /usr/lib/python2.6/UserDict.py
# /usr/lib/python2.6/UserDict.pyc matches /usr/lib/python2.6/UserDict.py
import UserDict # precompiled from /usr/lib/python2.6/UserDict.pyc
# trying /usr/lib/python2.6/_abcoll.so
# trying /usr/lib/python2.6/_abcollmodule.so
# trying /usr/lib/python2.6/_abcoll.py
# /usr/lib/python2.6/_abcoll.pyc matches /usr/lib/python2.6/_abcoll.py
import _abcoll # precompiled from /usr/lib/python2.6/_abcoll.pyc
# trying /usr/lib/python2.6/abc.so
# trying /usr/lib/python2.6/abcmodule.so
# trying /usr/lib/python2.6/abc.py
# /usr/lib/python2.6/abc.pyc matches /usr/lib/python2.6/abc.py
import abc # precompiled from /usr/lib/python2.6/abc.pyc
# trying /usr/lib/python2.6/copy_reg.so
# trying /usr/lib/python2.6/copy_regmodule.so
# trying /usr/lib/python2.6/copy_reg.py
# /usr/lib/python2.6/copy_reg.pyc matches /usr/lib/python2.6/copy_reg.py
import copy_reg # precompiled from /usr/lib/python2.6/copy_reg.pyc
# trying /usr/local/lib/python2.6/dist-packages/Foam-hybrid-py2.6.egg/sitecustomize.so
# trying /usr/local/lib/python2.6/dist-packages/Foam-hybrid-py2.6.egg/sitecustomizemodule.so
# trying /usr/local/lib/python2.6/dist-packages/Foam-hybrid-py2.6.egg/sitecustomize.py
# trying /usr/local/lib/python2.6/dist-packages/Foam-hybrid-py2.6.egg/sitecustomize.pyc
# trying /usr/lib/python2.6/sitecustomize.so
# trying /usr/lib/python2.6/sitecustomizemodule.so
# trying /usr/lib/python2.6/sitecustomize.py
# /usr/lib/python2.6/sitecustomize.pyc matches /usr/lib/python2.6/sitecustomize.py
import sitecustomize # precompiled from /usr/lib/python2.6/sitecustomize.pyc
# trying /usr/local/lib/python2.6/dist-packages/Foam-hybrid-py2.6.egg/apport_python_hook.so
# trying /usr/local/lib/python2.6/dist-packages/Foam-hybrid-py2.6.egg/apport_python_hookmodule.so
# trying /usr/local/lib/python2.6/dist-packages/Foam-hybrid-py2.6.egg/apport_python_hook.py
# trying /usr/local/lib/python2.6/dist-packages/Foam-hybrid-py2.6.egg/apport_python_hook.pyc
# trying /usr/lib/python2.6/apport_python_hook.so
# trying /usr/lib/python2.6/apport_python_hookmodule.so
# trying /usr/lib/python2.6/apport_python_hook.py
# trying /usr/lib/python2.6/apport_python_hook.pyc
# trying /usr/lib/python2.6/plat-linux2/apport_python_hook.so
# trying /usr/lib/python2.6/plat-linux2/apport_python_hookmodule.so
# trying /usr/lib/python2.6/plat-linux2/apport_python_hook.py
# trying /usr/lib/python2.6/plat-linux2/apport_python_hook.pyc
# trying /usr/lib/python2.6/lib-tk/apport_python_hook.so
# trying /usr/lib/python2.6/lib-tk/apport_python_hookmodule.so
# trying /usr/lib/python2.6/lib-tk/apport_python_hook.py
# trying /usr/lib/python2.6/lib-tk/apport_python_hook.pyc
# trying /usr/lib/python2.6/lib-dynload/apport_python_hook.so
# trying /usr/lib/python2.6/lib-dynload/apport_python_hookmodule.so
# trying /usr/lib/python2.6/lib-dynload/apport_python_hook.py
# trying /usr/lib/python2.6/lib-dynload/apport_python_hook.pyc
# trying /usr/local/lib/python2.6/dist-packages/apport_python_hook.so
# trying /usr/local/lib/python2.6/dist-packages/apport_python_hookmodule.so
# trying /usr/local/lib/python2.6/dist-packages/apport_python_hook.py
# trying /usr/local/lib/python2.6/dist-packages/apport_python_hook.pyc
# trying /usr/lib/python2.6/dist-packages/apport_python_hook.so
# trying /usr/lib/python2.6/dist-packages/apport_python_hookmodule.so
# trying /usr/lib/python2.6/dist-packages/apport_python_hook.py
# trying /usr/lib/python2.6/dist-packages/apport_python_hook.pyc
# trying /usr/lib/python2.6/dist-packages/gst-0.10/apport_python_hook.so
# trying /usr/lib/python2.6/dist-packages/gst-0.10/apport_python_hookmodule.so
# trying /usr/lib/python2.6/dist-packages/gst-0.10/apport_python_hook.py
# trying /usr/lib/python2.6/dist-packages/gst-0.10/apport_python_hook.pyc
# trying /usr/lib/pymodules/python2.6/apport_python_hook.so
# trying /usr/lib/pymodules/python2.6/apport_python_hookmodule.so
# trying /usr/lib/pymodules/python2.6/apport_python_hook.py
# trying /usr/lib/pymodules/python2.6/apport_python_hook.pyc
# trying /usr/lib/pymodules/python2.6/gtk-2.0/apport_python_hook.so
# trying /usr/lib/pymodules/python2.6/gtk-2.0/apport_python_hookmodule.so
# trying /usr/lib/pymodules/python2.6/gtk-2.0/apport_python_hook.py
# trying /usr/lib/pymodules/python2.6/gtk-2.0/apport_python_hook.pyc
# trying /usr/local/lib/python2.6/dist-packages/Foam-hybrid-py2.6.egg/usercustomize.so
# trying /usr/local/lib/python2.6/dist-packages/Foam-hybrid-py2.6.egg/usercustomizemodule.so
# trying /usr/local/lib/python2.6/dist-packages/Foam-hybrid-py2.6.egg/usercustomize.py
# trying /usr/local/lib/python2.6/dist-packages/Foam-hybrid-py2.6.egg/usercustomize.pyc
# trying /usr/lib/python2.6/usercustomize.so
# trying /usr/lib/python2.6/usercustomizemodule.so
# trying /usr/lib/python2.6/usercustomize.py
# trying /usr/lib/python2.6/usercustomize.pyc
# trying /usr/lib/python2.6/plat-linux2/usercustomize.so
# trying /usr/lib/python2.6/plat-linux2/usercustomizemodule.so
# trying /usr/lib/python2.6/plat-linux2/usercustomize.py
# trying /usr/lib/python2.6/plat-linux2/usercustomize.pyc
# trying /usr/lib/python2.6/lib-tk/usercustomize.so
# trying /usr/lib/python2.6/lib-tk/usercustomizemodule.so
# trying /usr/lib/python2.6/lib-tk/usercustomize.py
# trying /usr/lib/python2.6/lib-tk/usercustomize.pyc
# trying /usr/lib/python2.6/lib-dynload/usercustomize.so
# trying /usr/lib/python2.6/lib-dynload/usercustomizemodule.so
# trying /usr/lib/python2.6/lib-dynload/usercustomize.py
# trying /usr/lib/python2.6/lib-dynload/usercustomize.pyc
# trying /usr/local/lib/python2.6/dist-packages/usercustomize.so
# trying /usr/local/lib/python2.6/dist-packages/usercustomizemodule.so
# trying /usr/local/lib/python2.6/dist-packages/usercustomize.py
# trying /usr/local/lib/python2.6/dist-packages/usercustomize.pyc
# trying /usr/lib/python2.6/dist-packages/usercustomize.so
# trying /usr/lib/python2.6/dist-packages/usercustomizemodule.so
# trying /usr/lib/python2.6/dist-packages/usercustomize.py
# trying /usr/lib/python2.6/dist-packages/usercustomize.pyc
# trying /usr/lib/python2.6/dist-packages/gst-0.10/usercustomize.so
# trying /usr/lib/python2.6/dist-packages/gst-0.10/usercustomizemodule.so
# trying /usr/lib/python2.6/dist-packages/gst-0.10/usercustomize.py
# trying /usr/lib/python2.6/dist-packages/gst-0.10/usercustomize.pyc
# trying /usr/lib/pymodules/python2.6/usercustomize.so
# trying /usr/lib/pymodules/python2.6/usercustomizemodule.so
# trying /usr/lib/pymodules/python2.6/usercustomize.py
# trying /usr/lib/pymodules/python2.6/usercustomize.pyc
# trying /usr/lib/pymodules/python2.6/gtk-2.0/usercustomize.so
# trying /usr/lib/pymodules/python2.6/gtk-2.0/usercustomizemodule.so
# trying /usr/lib/pymodules/python2.6/gtk-2.0/usercustomize.py
# trying /usr/lib/pymodules/python2.6/gtk-2.0/usercustomize.pyc
# trying /usr/local/lib/python2.6/dist-packages/Foam-hybrid-py2.6.egg/encodings.so
# trying /usr/local/lib/python2.6/dist-packages/Foam-hybrid-py2.6.egg/encodingsmodule.so
# trying /usr/local/lib/python2.6/dist-packages/Foam-hybrid-py2.6.egg/encodings.py
# trying /usr/local/lib/python2.6/dist-packages/Foam-hybrid-py2.6.egg/encodings.pyc
import encodings # directory /usr/lib/python2.6/encodings
# trying /usr/lib/python2.6/encodings/__init__.so
# trying /usr/lib/python2.6/encodings/__init__module.so
# trying /usr/lib/python2.6/encodings/__init__.py
# /usr/lib/python2.6/encodings/__init__.pyc matches /usr/lib/python2.6/encodings/__init__.py
import encodings # precompiled from /usr/lib/python2.6/encodings/__init__.pyc
# trying /usr/lib/python2.6/encodings/codecs.so
# trying /usr/lib/python2.6/encodings/codecsmodule.so
# trying /usr/lib/python2.6/encodings/codecs.py
# trying /usr/lib/python2.6/encodings/codecs.pyc
# trying /usr/local/lib/python2.6/dist-packages/Foam-hybrid-py2.6.egg/codecs.so
# trying /usr/local/lib/python2.6/dist-packages/Foam-hybrid-py2.6.egg/codecsmodule.so
# trying /usr/local/lib/python2.6/dist-packages/Foam-hybrid-py2.6.egg/codecs.py
# trying /usr/local/lib/python2.6/dist-packages/Foam-hybrid-py2.6.egg/codecs.pyc
# trying /usr/lib/python2.6/codecs.so
# trying /usr/lib/python2.6/codecsmodule.so
# trying /usr/lib/python2.6/codecs.py
# /usr/lib/python2.6/codecs.pyc matches /usr/lib/python2.6/codecs.py
import codecs # precompiled from /usr/lib/python2.6/codecs.pyc
import _codecs # builtin
# trying /usr/lib/python2.6/encodings/encodings.so
# trying /usr/lib/python2.6/encodings/encodingsmodule.so
# trying /usr/lib/python2.6/encodings/encodings.py
# trying /usr/lib/python2.6/encodings/encodings.pyc
# trying /usr/lib/python2.6/encodings/aliases.so
# trying /usr/lib/python2.6/encodings/aliasesmodule.so
# trying /usr/lib/python2.6/encodings/aliases.py
# /usr/lib/python2.6/encodings/aliases.pyc matches /usr/lib/python2.6/encodings/aliases.py
import encodings.aliases # precompiled from /usr/lib/python2.6/encodings/aliases.pyc
# trying /usr/lib/python2.6/encodings/__builtin__.so
# trying /usr/lib/python2.6/encodings/__builtin__module.so
# trying /usr/lib/python2.6/encodings/__builtin__.py
# trying /usr/lib/python2.6/encodings/__builtin__.pyc
# trying /usr/lib/python2.6/encodings/utf_8.so
# trying /usr/lib/python2.6/encodings/utf_8module.so
# trying /usr/lib/python2.6/encodings/utf_8.py
# /usr/lib/python2.6/encodings/utf_8.pyc matches /usr/lib/python2.6/encodings/utf_8.py
import encodings.utf_8 # precompiled from /usr/lib/python2.6/encodings/utf_8.pyc
Python 2.6.6 (r266:84292, Dec 27 2010, 00:02:40) 
[GCC 4.4.5] on linux2
Type "help", "copyright", "credits" or "license" for more information.
# trying Foam.so
# trying Foammodule.so
# trying Foam.py
# trying Foam.pyc
# trying /usr/local/lib/python2.6/dist-packages/Foam-hybrid-py2.6.egg/Foam.so
# trying /usr/local/lib/python2.6/dist-packages/Foam-hybrid-py2.6.egg/Foammodule.so
# trying /usr/local/lib/python2.6/dist-packages/Foam-hybrid-py2.6.egg/Foam.py
# trying /usr/local/lib/python2.6/dist-packages/Foam-hybrid-py2.6.egg/Foam.pyc
# trying /usr/lib/python2.6/Foam.so
# trying /usr/lib/python2.6/Foammodule.so
# trying /usr/lib/python2.6/Foam.py
# trying /usr/lib/python2.6/Foam.pyc
# trying /usr/lib/python2.6/plat-linux2/Foam.so
# trying /usr/lib/python2.6/plat-linux2/Foammodule.so
# trying /usr/lib/python2.6/plat-linux2/Foam.py
# trying /usr/lib/python2.6/plat-linux2/Foam.pyc
# trying /usr/lib/python2.6/lib-tk/Foam.so
# trying /usr/lib/python2.6/lib-tk/Foammodule.so
# trying /usr/lib/python2.6/lib-tk/Foam.py
# trying /usr/lib/python2.6/lib-tk/Foam.pyc
# trying /usr/lib/python2.6/lib-dynload/Foam.so
# trying /usr/lib/python2.6/lib-dynload/Foammodule.so
# trying /usr/lib/python2.6/lib-dynload/Foam.py
# trying /usr/lib/python2.6/lib-dynload/Foam.pyc
# trying /usr/local/lib/python2.6/dist-packages/Foam.so
# trying /usr/local/lib/python2.6/dist-packages/Foammodule.so
# trying /usr/local/lib/python2.6/dist-packages/Foam.py
# trying /usr/local/lib/python2.6/dist-packages/Foam.pyc
import Foam # directory /usr/lib/python2.6/dist-packages/Foam
# trying /usr/lib/python2.6/dist-packages/Foam/__init__.so
# trying /usr/lib/python2.6/dist-packages/Foam/__init__module.so
# trying /usr/lib/python2.6/dist-packages/Foam/__init__.py
# /usr/lib/python2.6/dist-packages/Foam/__init__.pyc matches /usr/lib/python2.6/dist-packages/Foam/__init__.py
import Foam # precompiled from /usr/lib/python2.6/dist-packages/Foam/__init__.pyc
# trying /usr/lib/python2.6/dist-packages/Foam/sys.so
# trying /usr/lib/python2.6/dist-packages/Foam/sysmodule.so
# trying /usr/lib/python2.6/dist-packages/Foam/sys.py
# trying /usr/lib/python2.6/dist-packages/Foam/sys.pyc
# trying /usr/lib/python2.6/dist-packages/Foam/DLFCN.so
# trying /usr/lib/python2.6/dist-packages/Foam/DLFCNmodule.so
# trying /usr/lib/python2.6/dist-packages/Foam/DLFCN.py
# trying /usr/lib/python2.6/dist-packages/Foam/DLFCN.pyc
# trying DLFCN.so
# trying DLFCNmodule.so
# trying DLFCN.py
# trying DLFCN.pyc
# trying /usr/local/lib/python2.6/dist-packages/Foam-hybrid-py2.6.egg/DLFCN.so
# trying /usr/local/lib/python2.6/dist-packages/Foam-hybrid-py2.6.egg/DLFCNmodule.so
# trying /usr/local/lib/python2.6/dist-packages/Foam-hybrid-py2.6.egg/DLFCN.py
# trying /usr/local/lib/python2.6/dist-packages/Foam-hybrid-py2.6.egg/DLFCN.pyc
# trying /usr/lib/python2.6/DLFCN.so
# trying /usr/lib/python2.6/DLFCNmodule.so
# trying /usr/lib/python2.6/DLFCN.py
# trying /usr/lib/python2.6/DLFCN.pyc
# trying /usr/lib/python2.6/plat-linux2/DLFCN.so
# trying /usr/lib/python2.6/plat-linux2/DLFCNmodule.so
# trying /usr/lib/python2.6/plat-linux2/DLFCN.py
# /usr/lib/python2.6/plat-linux2/DLFCN.pyc matches /usr/lib/python2.6/plat-linux2/DLFCN.py
import DLFCN # precompiled from /usr/lib/python2.6/plat-linux2/DLFCN.pyc
# clear __builtin__._
# clear sys.path
# clear sys.argv
# clear sys.ps1
# clear sys.ps2
# clear sys.exitfunc
# clear sys.exc_type
# clear sys.exc_value
# clear sys.exc_traceback
# clear sys.last_type
# clear sys.last_value
# clear sys.last_traceback
# clear sys.path_hooks
# clear sys.path_importer_cache
# clear sys.meta_path
# clear sys.flags
# clear sys.float_info
# restore sys.stdin
# restore sys.stdout
# restore sys.stderr
# cleanup __main__
#   clear[2] __warningregistry__
#   clear[2] Foam
#   clear[2] __name__
# cleanup[1] encodings
#   clear[1] _import_tail
#   clear[1] _cache
#   clear[1] _unknown
#   clear[1] _aliases
#   clear[1] _norm_encoding_map
#   clear[2] search_function
#   clear[2] utf_8
#   clear[2] normalize_encoding
#   clear[2] __file__
#   clear[2] __builtin__
#   clear[2] __package__
#   clear[2] CodecRegistryError
#   clear[2] __path__
#   clear[2] codecs
#   clear[2] __name__
#   clear[2] __doc__
#   clear[2] aliases
# cleanup[1] site
#   clear[1] _Printer
#   clear[1] _Helper
#   clear[1] _script
#   clear[1] _init_pathinfo
#   clear[2] setencoding
#   clear[2] sethelper
#   clear[2] execsitecustomize
#   clear[2] __builtin__
#   clear[2] addsitedir
#   clear[2] addpackage
#   clear[2] ENABLE_USER_SITE
#   clear[2] USER_SITE
#   clear[2] setquit
#   clear[2] setcopyright
#   clear[2] addsitepackages
#   clear[2] setBEGINLIBPATH
#   clear[2] check_enableusersite
#   clear[2] USER_BASE
#   clear[2] abs__file__
#   clear[2] main
#   clear[2] __doc__
#   clear[2] __file__
#   clear[2] removeduppaths
#   clear[2] sys
#   clear[2] __name__
#   clear[2] execusercustomize
#   clear[2] aliasmbcs
#   clear[2] makepath
#   clear[2] PREFIXES
#   clear[2] addusersitepackages
#   clear[2] os
# cleanup[1] abc
#   clear[1] _InstanceType
#   clear[1] _C
#   clear[2] abstractmethod
#   clear[2] __file__
#   clear[2] ABCMeta
#   clear[2] abstractproperty
#   clear[2] __name__
#   clear[2] __doc__
# cleanup[1] Foam
#   clear[2] FOAM_VERSION
#   clear[2] FOAM_BRANCH_VERSION
#   clear[2] get_proper_function
#   clear[2] __file__
#   clear[2] FOAM_REF_VERSION
#   clear[2] __package__
#   clear[2] sys
#   clear[2] __path__
#   clear[2] DLFCN
#   clear[2] __name__
#   clear[2] get_module_initializtion_command
# cleanup[1] _codecs
#   clear[2] latin_1_encode
#   clear[2] charmap_build
#   clear[2] utf_32_ex_decode
#   clear[2] readbuffer_encode
#   clear[2] escape_encode
#   clear[2] utf_8_decode
#   clear[2] raw_unicode_escape_decode
#   clear[2] utf_7_decode
#   clear[2] unicode_escape_encode
#   clear[2] latin_1_decode
#   clear[2] utf_16_decode
#   clear[2] utf_32_le_decode
#   clear[2] unicode_escape_decode
#   clear[2] ascii_decode
#   clear[2] decode
#   clear[2] charmap_encode
#   clear[2] lookup
#   clear[2] encode
#   clear[2] unicode_internal_encode
#   clear[2] register_error
#   clear[2] utf_16_ex_decode
#   clear[2] escape_decode
#   clear[2] utf_32_be_decode
#   clear[2] lookup_error
#   clear[2] utf_32_be_encode
#   clear[2] charbuffer_encode
#   clear[2] utf_32_encode
#   clear[2] charmap_decode
#   clear[2] utf_7_encode
#   clear[2] __name__
#   clear[2] utf_32_decode
#   clear[2] utf_32_le_encode
#   clear[2] ascii_encode
#   clear[2] register
#   clear[2] utf_16_encode
#   clear[2] raw_unicode_escape_encode
#   clear[2] utf_8_encode
#   clear[2] utf_16_le_encode
#   clear[2] utf_16_be_encode
#   clear[2] unicode_internal_decode
#   clear[2] utf_16_le_decode
#   clear[2] utf_16_be_decode
# cleanup[1] DLFCN
#   clear[1] _POSIX_C_SOURCE
#   clear[1] _XOPEN_SOURCE_EXTENDED
#   clear[1] _LARGEFILE64_SOURCE
#   clear[1] _XOPEN_SOURCE
#   clear[1] _SVID_SOURCE
#   clear[1] _SYS_CDEFS_H
#   clear[1] _POSIX_SOURCE
#   clear[1] _DLFCN_H
#   clear[1] _ISOC99_SOURCE
#   clear[1] _FEATURES_H
#   clear[1] _BSD_SOURCE
#   clear[1] _LARGEFILE_SOURCE
#   clear[2] __USE_POSIX199506
#   clear[2] __USE_FILE_OFFSET64
#   clear[2] __USE_UNIX98
#   clear[2] __GNU_LIBRARY__
#   clear[2] __USE_SVID
#   clear[2] __STRING
#   clear[2] __FAVOR_BSD
#   clear[2] __USE_XOPEN2K
#   clear[2] __USE_ANSI
#   clear[2] __USE_LARGEFILE64
#   clear[2] __USE_EXTERN_INLINES
#   clear[2] __USE_MISC
#   clear[2] __USE_POSIX199309
#   clear[2] __GLIBC_MINOR__
#   clear[2] __USE_POSIX2
#   clear[2] __flexarr
#   clear[2] RTLD_NODELETE
#   clear[2] RTLD_NOLOAD
#   clear[2] __attribute__
#   clear[2] RTLD_GLOBAL
#   clear[2] __USE_XOPEN
#   clear[2] __file__
#   clear[2] RTLD_NOW
#   clear[2] __STDC_IEC_559__
#   clear[2] __USE_REENTRANT
#   clear[2] __ASMNAME
#   clear[2] __P
#   clear[2] __STDC_ISO_10646__
#   clear[2] __name__
#   clear[2] __GLIBC__
#   clear[2] RTLD_LOCAL
#   clear[2] __STDC_IEC_559_COMPLEX__
#   clear[2] __USE_ISOC99
#   clear[2] __USE_XOPEN_EXTENDED
#   clear[2] __USE_GNU
#   clear[2] __USE_BSD
#   clear[2] __USE_LARGEFILE
#   clear[2] RTLD_BINDING_MASK
#   clear[2] __attribute_format_arg__
#   clear[2] __USE_POSIX
#   clear[2] RTLD_LAZY
#   clear[2] __PMT
# cleanup[1] _warnings
#   clear[2] once_registry
#   clear[2] default_action
#   clear[2] warn
#   clear[2] filters
#   clear[2] __name__
#   clear[2] warn_explicit
#   clear[2] __doc__
# cleanup[1] zipimport
#   clear[1] _zip_directory_cache
#   clear[2] ZipImportError
#   clear[2] zipimporter
#   clear[2] __name__
#   clear[2] __doc__
# cleanup[1] encodings.utf_8
#   clear[2] getregentry
#   clear[2] StreamWriter
#   clear[2] IncrementalEncoder
#   clear[2] __file__
#   clear[2] __package__
#   clear[2] decode
#   clear[2] StreamReader
#   clear[2] codecs
#   clear[2] encode
#   clear[2] __name__
#   clear[2] IncrementalDecoder
#   clear[2] __doc__
# cleanup[1] codecs
#   clear[1] _false
#   clear[2] latin_1_encode
#   clear[2] getreader
#   clear[2] readbuffer_encode
#   clear[2] BOM
#   clear[2] StreamWriter
#   clear[2] BOM64_BE
#   clear[2] ascii_decode
#   clear[2] IncrementalDecoder
#   clear[2] __file__
#   clear[2] BOM_UTF32
#   clear[2] BufferedIncrementalDecoder
#   clear[2] ignore_errors
#   clear[2] replace_errors
#   clear[2] BOM_BE
#   clear[2] utf_16_be_decode
#   clear[2] charmap_build
#   clear[2] escape_encode
#   clear[2] BOM_UTF16_BE
#   clear[2] xmlcharrefreplace_errors
#   clear[2] unicode_escape_encode
#   clear[2] __all__
#   clear[2] utf_16_decode
#   clear[2] lookup_error
#   clear[2] getincrementalencoder
#   clear[2] __name__
#   clear[2] EncodedFile
#   clear[2] backslashreplace_errors
#   clear[2] getincrementaldecoder
#   clear[2] register_error
#   clear[2] BOM32_BE
#   clear[2] getencoder
#   clear[2] make_identity_dict
#   clear[2] BOM_UTF32_LE
#   clear[2] __builtin__
#   clear[2] open
#   clear[2] iterencode
#   clear[2] decode
#   clear[2] IncrementalEncoder
#   clear[2] latin_1_decode
#   clear[2] utf_32_le_decode
#   clear[2] getwriter
#   clear[2] charmap_encode
#   clear[2] encode
#   clear[2] unicode_internal_encode
#   clear[2] StreamReader
#   clear[2] make_encoding_map
#   clear[2] utf_16_ex_decode
#   clear[2] getdecoder
#   clear[2] charbuffer_encode
#   clear[2] utf_7_encode
#   clear[2] utf_32_decode
#   clear[2] BOM32_LE
#   clear[2] StreamReaderWriter
#   clear[2] utf_16_encode
#   clear[2] __doc__
#   clear[2] raw_unicode_escape_encode
#   clear[2] BOM_UTF32_BE
#   clear[2] utf_16_le_encode
#   clear[2] unicode_internal_decode
#   clear[2] utf_32_be_encode
#   clear[2] CodecInfo
#   clear[2] BOM_UTF16_LE
#   clear[2] BufferedIncrementalEncoder
#   clear[2] BOM_LE
#   clear[2] Codec
#   clear[2] utf_8_decode
#   clear[2] raw_unicode_escape_decode
#   clear[2] utf_7_decode
#   clear[2] unicode_escape_decode
#   clear[2] lookup
#   clear[2] strict_errors
#   clear[2] utf_32_ex_decode
#   clear[2] escape_decode
#   clear[2] utf_32_be_decode
#   clear[2] StreamRecoder
#   clear[2] sys
#   clear[2] utf_16_le_decode
#   clear[2] iterdecode
#   clear[2] utf_32_encode
#   clear[2] charmap_decode
#   clear[2] BOM_UTF16
#   clear[2] BOM_UTF8
#   clear[2] utf_32_le_encode
#   clear[2] BOM64_LE
#   clear[2] ascii_encode
#   clear[2] register
#   clear[2] utf_8_encode
#   clear[2] utf_16_be_encode
# cleanup[1] sitecustomize
#   clear[2] __name__
#   clear[2] __file__
# cleanup[1] signal
#   clear[2] SIGHUP
#   clear[2] SIG_DFL
#   clear[2] SIGSYS
#   clear[2] SIGQUIT
#   clear[2] SIGUSR1
#   clear[2] SIGFPE
#   clear[2] SIGPWR
#   clear[2] SIGTSTP
#   clear[2] ITIMER_REAL
#   clear[2] SIGCHLD
#   clear[2] SIGCONT
#   clear[2] SIGIOT
#   clear[2] SIGBUS
#   clear[2] SIGXCPU
#   clear[2] SIGPROF
#   clear[2] SIGCLD
#   clear[2] SIGUSR2
#   clear[2] default_int_handler
#   clear[2] pause
#   clear[2] SIGKILL
#   clear[2] NSIG
#   clear[2] SIGTRAP
#   clear[2] SIGINT
#   clear[2] SIGIO
#   clear[2] getsignal
#   clear[2] SIGILL
#   clear[2] SIGPOLL
#   clear[2] SIGABRT
#   clear[2] SIGALRM
#   clear[2] __doc__
#   clear[2] SIG_IGN
#   clear[2] getitimer
#   clear[2] SIGURG
#   clear[2] SIGPIPE
#   clear[2] SIGWINCH
#   clear[2] __name__
#   clear[2] SIGTERM
#   clear[2] SIGVTALRM
#   clear[2] ITIMER_PROF
#   clear[2] SIGRTMIN
#   clear[2] SIGRTMAX
#   clear[2] ITIMER_VIRTUAL
#   clear[2] set_wakeup_fd
#   clear[2] setitimer
#   clear[2] signal
#   clear[2] SIGSEGV
#   clear[2] siginterrupt
#   clear[2] SIGXFSZ
#   clear[2] SIGTTIN
#   clear[2] SIGSTOP
#   clear[2] ItimerError
#   clear[2] SIGTTOU
#   clear[2] alarm
# cleanup[1] posix
#   clear[1] _exit
#   clear[2] WTERMSIG
#   clear[2] lseek
#   clear[2] EX_IOERR
#   clear[2] EX_NOHOST
#   clear[2] seteuid
#   clear[2] O_RSYNC
#   clear[2] fstatvfs
#   clear[2] uname
#   clear[2] kill
#   clear[2] ST_RELATIME
#   clear[2] O_EXCL
#   clear[2] EX_OSFILE
#   clear[2] umask
#   clear[2] ST_NODIRATIME
#   clear[2] fchmod
#   clear[2] lchown
#   clear[2] setgid
#   clear[2] tmpnam
#   clear[2] EX_NOINPUT
#   clear[2] makedev
#   clear[2] fstat
#   clear[2] ST_NOSUID
#   clear[2] O_CREAT
#   clear[2] dup2
#   clear[2] read
#   clear[2] getppid
#   clear[2] fchown
#   clear[2] getloadavg
#   clear[2] WIFSTOPPED
#   clear[2] getpgrp
#   clear[2] TMP_MAX
#   clear[2] utime
#   clear[2] ST_SYNCHRONOUS
#   clear[2] F_OK
#   clear[2] ST_WRITE
#   clear[2] fsync
#   clear[2] tcsetpgrp
#   clear[2] statvfs
#   clear[2] setreuid
#   clear[2] remove
#   clear[2] setegid
#   clear[2] EX_SOFTWARE
#   clear[2] execv
#   clear[2] pathconf_names
#   clear[2] EX_OSERR
#   clear[2] sysconf_names
#   clear[2] ttyname
#   clear[2] tempnam
#   clear[2] tmpfile
#   clear[2] mkfifo
#   clear[2] O_NOFOLLOW
#   clear[2] listdir
#   clear[2] O_APPEND
#   clear[2] EX_CANTCREAT
#   clear[2] mknod
#   clear[2] O_NOCTTY
#   clear[2] close
#   clear[2] getgid
#   clear[2] ctermid
#   clear[2] WIFSIGNALED
#   clear[2] killpg
#   clear[2] ST_APPEND
#   clear[2] lstat
#   clear[2] getcwdu
#   clear[2] access
#   clear[2] setsid
#   clear[2] O_NOATIME
#   clear[2] NGROUPS_MAX
#   clear[2] WIFCONTINUED
#   clear[2] O_RDWR
#   clear[2] stat_result
#   clear[2] setpgid
#   clear[2] getcwd
#   clear[2] symlink
#   clear[2] setregid
#   clear[2] stat_float_times
#   clear[2] __name__
#   clear[2] O_TRUNC
#   clear[2] getsid
#   clear[2] wait
#   clear[2] O_DIRECTORY
#   clear[2] ST_NOEXEC
#   clear[2] openpty
#   clear[2] popen
#   clear[2] times
#   clear[2] readlink
#   clear[2] O_DSYNC
#   clear[2] setuid
#   clear[2] major
#   clear[2] fchdir
#   clear[2] WIFEXITED
#   clear[2] EX_TEMPFAIL
#   clear[2] WCOREDUMP
#   clear[2] chmod
#   clear[2] getpgid
#   clear[2] O_ASYNC
#   clear[2] open
#   clear[2] putenv
#   clear[2] fdopen
#   clear[2] mkdir
#   clear[2] system
#   clear[2] ST_MANDLOCK
#   clear[2] rmdir
#   clear[2] O_WRONLY
#   clear[2] dup
#   clear[2] ST_RDONLY
#   clear[2] fdatasync
#   clear[2] __doc__
#   clear[2] minor
#   clear[2] getpid
#   clear[2] fork
#   clear[2] isatty
#   clear[2] O_LARGEFILE
#   clear[2] EX_NOPERM
#   clear[2] closerange
#   clear[2] pathconf
#   clear[2] WSTOPSIG
#   clear[2] X_OK
#   clear[2] link
#   clear[2] execve
#   clear[2] wait4
#   clear[2] O_SYNC
#   clear[2] chdir
#   clear[2] wait3
#   clear[2] strerror
#   clear[2] R_OK
#   clear[2] error
#   clear[2] ftruncate
#   clear[2] WUNTRACED
#   clear[2] rename
#   clear[2] EX_DATAERR
#   clear[2] sysconf
#   clear[2] ST_NOATIME
#   clear[2] W_OK
#   clear[2] EX_OK
#   clear[2] abort
#   clear[2] statvfs_result
#   clear[2] O_NONBLOCK
#   clear[2] confstr
#   clear[2] WEXITSTATUS
#   clear[2] EX_NOUSER
#   clear[2] fpathconf
#   clear[2] chroot
#   clear[2] getgroups
#   clear[2] geteuid
#   clear[2] chown
#   clear[2] write
#   clear[2] EX_UNAVAILABLE
#   clear[2] waitpid
#   clear[2] forkpty
#   clear[2] nice
#   clear[2] stat
#   clear[2] getlogin
#   clear[2] EX_CONFIG
#   clear[2] unsetenv
#   clear[2] O_RDONLY
#   clear[2] O_DIRECT
#   clear[2] getegid
#   clear[2] confstr_names
#   clear[2] setgroups
#   clear[2] unlink
#   clear[2] tcgetpgrp
#   clear[2] getuid
#   clear[2] WNOHANG
#   clear[2] WCONTINUED
#   clear[2] pipe
#   clear[2] setpgrp
#   clear[2] environ
#   clear[2] O_NDELAY
#   clear[2] EX_PROTOCOL
#   clear[2] EX_USAGE
#   clear[2] ST_NODEV
# cleanup[1] encodings.aliases
#   clear[2] __file__
#   clear[2] __name__
#   clear[2] __doc__
#   clear[2] aliases
# cleanup[1] exceptions
#   clear[2] GeneratorExit
#   clear[2] ImportError
#   clear[2] ReferenceError
#   clear[2] RuntimeError
#   clear[2] UnicodeTranslateError
#   clear[2] KeyError
#   clear[2] StopIteration
#   clear[2] PendingDeprecationWarning
#   clear[2] EnvironmentError
#   clear[2] LookupError
#   clear[2] BufferError
#   clear[2] OSError
#   clear[2] DeprecationWarning
#   clear[2] UnicodeError
#   clear[2] UnicodeEncodeError
#   clear[2] FloatingPointError
#   clear[2] UnicodeWarning
#   clear[2] NameError
#   clear[2] BytesWarning
#   clear[2] IOError
#   clear[2] SyntaxError
#   clear[2] FutureWarning
#   clear[2] ImportWarning
#   clear[2] SystemExit
#   clear[2] Exception
#   clear[2] EOFError
#   clear[2] StandardError
#   clear[2] ValueError
#   clear[2] TabError
#   clear[2] ZeroDivisionError
#   clear[2] __doc__
#   clear[2] SystemError
#   clear[2] __name__
#   clear[2] IndentationError
#   clear[2] AssertionError
#   clear[2] UnicodeDecodeError
#   clear[2] TypeError
#   clear[2] IndexError
#   clear[2] RuntimeWarning
#   clear[2] KeyboardInterrupt
#   clear[2] UserWarning
#   clear[2] SyntaxWarning
#   clear[2] MemoryError
#   clear[2] UnboundLocalError
#   clear[2] ArithmeticError
#   clear[2] Warning
#   clear[2] NotImplementedError
#   clear[2] AttributeError
#   clear[2] OverflowError
#   clear[2] BaseException
# cleanup[2] copy_reg
#   clear[1] _inverted_registry
#   clear[1] _ClassType
#   clear[1] _extension_registry
#   clear[1] _reconstructor
#   clear[1] _reduce_ex
#   clear[1] _slotnames
#   clear[1] _extension_cache
#   clear[1] _HEAPTYPE
#   clear[2] add_extension
#   clear[2] remove_extension
#   clear[2] dispatch_table
#   clear[2] clear_extension_cache
#   clear[2] __all__
#   clear[2] __doc__
#   clear[2] __file__
#   clear[2] __newobj__
#   clear[2] pickle_complex
#   clear[2] __name__
#   clear[2] constructor
#   clear[2] pickle
# cleanup[2] posixpath
#   clear[1] _resolve_link
#   clear[2] pardir
#   clear[2] sameopenfile
#   clear[2] exists
#   clear[2] sep
#   clear[2] splitext
#   clear[2] basename
#   clear[2] walk
#   clear[2] expandvars
#   clear[2] expanduser
#   clear[2] getmtime
#   clear[2] defpath
#   clear[2] dirname
#   clear[2] isfile
#   clear[2] supports_unicode_filenames
#   clear[2] __all__
#   clear[2] pathsep
#   clear[2] getsize
#   clear[2] samestat
#   clear[2] curdir
#   clear[2] devnull
#   clear[2] abspath
#   clear[2] __doc__
#   clear[2] islink
#   clear[2] split
#   clear[2] samefile
#   clear[2] genericpath
#   clear[2] stat
#   clear[2] commonprefix
#   clear[2] warnings
#   clear[2] __file__
#   clear[2] normcase
#   clear[2] __name__
#   clear[2] getatime
#   clear[2] lexists
#   clear[2] isdir
#   clear[2] join
#   clear[2] getctime
#   clear[2] isabs
#   clear[2] normpath
#   clear[2] ismount
#   clear[2] splitdrive
#   clear[2] extsep
#   clear[2] relpath
#   clear[2] os
#   clear[2] realpath
# cleanup[2] errno
#   clear[2] EISDIR
#   clear[2] EPROTONOSUPPORT
#   clear[2] ETXTBSY
#   clear[2] ETOOMANYREFS
#   clear[2] EDEADLOCK
#   clear[2] ETIME
#   clear[2] ESOCKTNOSUPPORT
#   clear[2] ENOTTY
#   clear[2] ENAMETOOLONG
#   clear[2] ENETRESET
#   clear[2] EMULTIHOP
#   clear[2] ENOLINK
#   clear[2] ECONNRESET
#   clear[2] EL3HLT
#   clear[2] ELIBEXEC
#   clear[2] EMLINK
#   clear[2] ESTRPIPE
#   clear[2] ENOTSOCK
#   clear[2] ESHUTDOWN
#   clear[2] ENOLCK
#   clear[2] EDEADLK
#   clear[2] EFBIG
#   clear[2] EBADRQC
#   clear[2] EEXIST
#   clear[2] EMSGSIZE
#   clear[2] EPROTO
#   clear[2] EL3RST
#   clear[2] EREMOTEIO
#   clear[2] ESRMNT
#   clear[2] EIDRM
#   clear[2] EADDRNOTAVAIL
#   clear[2] EPERM
#   clear[2] ENOTUNIQ
#   clear[2] ELNRNG
#   clear[2] EAGAIN
#   clear[2] ENOSPC
#   clear[2] EPROTOTYPE
#   clear[2] EUNATCH
#   clear[2] ESTALE
#   clear[2] EISCONN
#   clear[2] ELIBBAD
#   clear[2] ENOANO
#   clear[2] EUCLEAN
#   clear[2] errorcode
#   clear[2] ENOPROTOOPT
#   clear[2] EREMCHG
#   clear[2] ELOOP
#   clear[2] ECHILD
#   clear[2] EREMOTE
#   clear[2] ENOBUFS
#   clear[2] EDESTADDRREQ
#   clear[2] EINTR
#   clear[2] EADV
#   clear[2] __name__
#   clear[2] ETIMEDOUT
#   clear[2] ENOSYS
#   clear[2] EUSERS
#   clear[2] EALREADY
#   clear[2] ELIBMAX
#   clear[2] E2BIG
#   clear[2] ENXIO
#   clear[2] EPIPE
#   clear[2] EMFILE
#   clear[2] EHOSTDOWN
#   clear[2] EBFONT
#   clear[2] EXFULL
#   clear[2] EOPNOTSUPP
#   clear[2] EBUSY
#   clear[2] ELIBSCN
#   clear[2] ENFILE
#   clear[2] EBADMSG
#   clear[2] EADDRINUSE
#   clear[2] ENOPKG
#   clear[2] ENOMEM
#   clear[2] ENOSR
#   clear[2] ECONNABORTED
#   clear[2] EISNAM
#   clear[2] __doc__
#   clear[2] ENOTCONN
#   clear[2] EFAULT
#   clear[2] ELIBACC
#   clear[2] ENETUNREACH
#   clear[2] EBADSLT
#   clear[2] EDQUOT
#   clear[2] ENOTNAM
#   clear[2] ENOENT
#   clear[2] ESPIPE
#   clear[2] ERANGE
#   clear[2] ECOMM
#   clear[2] ENODEV
#   clear[2] EROFS
#   clear[2] ECONNREFUSED
#   clear[2] ENOTEMPTY
#   clear[2] EDOM
#   clear[2] ENOSTR
#   clear[2] ENOTDIR
#   clear[2] EILSEQ
#   clear[2] EACCES
#   clear[2] EOVERFLOW
#   clear[2] ENETDOWN
#   clear[2] ENOEXEC
#   clear[2] EPFNOSUPPORT
#   clear[2] ERESTART
#   clear[2] EIO
#   clear[2] EBADF
#   clear[2] EBADE
#   clear[2] ENONET
#   clear[2] ECHRNG
#   clear[2] EDOTDOT
#   clear[2] EBADFD
#   clear[2] EWOULDBLOCK
#   clear[2] EBADR
#   clear[2] EAFNOSUPPORT
#   clear[2] ESRCH
#   clear[2] EXDEV
#   clear[2] ENAVAIL
#   clear[2] EINVAL
#   clear[2] ENOTBLK
#   clear[2] ENODATA
#   clear[2] EL2HLT
#   clear[2] EINPROGRESS
#   clear[2] EL2NSYNC
#   clear[2] ENOMSG
#   clear[2] EHOSTUNREACH
#   clear[2] ENOCSI
# cleanup[2] _abcoll
#   clear[1] _hasattr
#   clear[2] Container
#   clear[2] MutableMapping
#   clear[2] KeysView
#   clear[2] Callable
#   clear[2] __all__
#   clear[2] ValuesView
#   clear[2] Mapping
#   clear[2] ABCMeta
#   clear[2] __doc__
#   clear[2] MappingView
#   clear[2] Hashable
#   clear[2] MutableSet
#   clear[2] abstractmethod
#   clear[2] __file__
#   clear[2] MutableSequence
#   clear[2] sys
#   clear[2] __name__
#   clear[2] Sized
#   clear[2] Set
#   clear[2] Iterator
#   clear[2] Sequence
#   clear[2] ItemsView
#   clear[2] Iterable
# cleanup[2] types
#   clear[2] IntType
#   clear[2] TypeType
#   clear[2] CodeType
#   clear[2] BooleanType
#   clear[2] UnboundMethodType
#   clear[2] StringType
#   clear[2] BuiltinMethodType
#   clear[2] FloatType
#   clear[2] DictionaryType
#   clear[2] NotImplementedType
#   clear[2] BuiltinFunctionType
#   clear[2] DictProxyType
#   clear[2] MethodType
#   clear[2] StringTypes
#   clear[2] GeneratorType
#   clear[2] __doc__
#   clear[2] ObjectType
#   clear[2] DictType
#   clear[2] GetSetDescriptorType
#   clear[2] __file__
#   clear[2] EllipsisType
#   clear[2] ListType
#   clear[2] __name__
#   clear[2] TupleType
#   clear[2] ModuleType
#   clear[2] FrameType
#   clear[2] FileType
#   clear[2] LongType
#   clear[2] BufferType
#   clear[2] TracebackType
#   clear[2] ClassType
#   clear[2] InstanceType
#   clear[2] MemberDescriptorType
#   clear[2] UnicodeType
#   clear[2] SliceType
#   clear[2] ComplexType
#   clear[2] LambdaType
#   clear[2] FunctionType
#   clear[2] XRangeType
#   clear[2] NoneType
# cleanup[2] genericpath
#   clear[1] _splitext
#   clear[2] isdir
#   clear[2] stat
#   clear[2] commonprefix
#   clear[2] exists
#   clear[2] __all__
#   clear[2] isfile
#   clear[2] __file__
#   clear[2] getctime
#   clear[2] getsize
#   clear[2] getmtime
#   clear[2] __name__
#   clear[2] getatime
#   clear[2] os
#   clear[2] __doc__
# cleanup[2] stat
#   clear[2] S_IWRITE
#   clear[2] ST_MTIME
#   clear[2] S_IRGRP
#   clear[2] SF_NOUNLINK
#   clear[2] S_IFLNK
#   clear[2] ST_GID
#   clear[2] S_IXOTH
#   clear[2] ST_UID
#   clear[2] S_ISSOCK
#   clear[2] UF_NOUNLINK
#   clear[2] S_ISLNK
#   clear[2] S_IMODE
#   clear[2] S_IXUSR
#   clear[2] S_IRUSR
#   clear[2] SF_ARCHIVED
#   clear[2] ST_NLINK
#   clear[2] S_IFBLK
#   clear[2] UF_IMMUTABLE
#   clear[2] S_IFDIR
#   clear[2] SF_SNAPSHOT
#   clear[2] ST_ATIME
#   clear[2] S_ISFIFO
#   clear[2] S_ISUID
#   clear[2] UF_OPAQUE
#   clear[2] S_IRWXU
#   clear[2] S_IFCHR
#   clear[2] __doc__
#   clear[2] SF_APPEND
#   clear[2] S_IFREG
#   clear[2] __file__
#   clear[2] S_ISREG
#   clear[2] S_IREAD
#   clear[2] S_IFIFO
#   clear[2] S_IFSOCK
#   clear[2] S_ISCHR
#   clear[2] SF_IMMUTABLE
#   clear[2] S_ISVTX
#   clear[2] ST_MODE
#   clear[2] UF_NODUMP
#   clear[2] S_ISDIR
#   clear[2] __name__
#   clear[2] S_ENFMT
#   clear[2] S_IEXEC
#   clear[2] ST_CTIME
#   clear[2] S_IWOTH
#   clear[2] S_IXGRP
#   clear[2] S_IRWXG
#   clear[2] S_IFMT
#   clear[2] S_IWUSR
#   clear[2] S_ISBLK
#   clear[2] ST_INO
#   clear[2] S_ISGID
#   clear[2] S_IWGRP
#   clear[2] S_IRWXO
#   clear[2] ST_DEV
#   clear[2] ST_SIZE
#   clear[2] UF_APPEND
#   clear[2] S_IROTH
# cleanup[2] warnings
#   clear[1] _show_warning
#   clear[1] _setoption
#   clear[1] _getcategory
#   clear[1] _processoptions
#   clear[1] _OptionError
#   clear[1] _getaction
#   clear[2] filterwarnings
#   clear[2] once_registry
#   clear[2] WarningMessage
#   clear[2] filters
#   clear[2] showwarning
#   clear[2] __all__
#   clear[2] onceregistry
#   clear[2] simplefilter
#   clear[2] default_action
#   clear[2] catch_warnings
#   clear[2] __file__
#   clear[2] warnpy3k
#   clear[2] sys
#   clear[2] __name__
#   clear[2] warn_explicit
#   clear[2] types
#   clear[2] warn
#   clear[2] defaultaction
#   clear[2] __doc__
#   clear[2] linecache
#   clear[2] resetwarnings
#   clear[2] formatwarning
# cleanup[2] UserDict
#   clear[1] _abcoll
#   clear[2] IterableUserDict
#   clear[2] UserDict
#   clear[2] __file__
#   clear[2] DictMixin
#   clear[2] __name__
#   clear[2] __doc__
# cleanup[2] os.path
# cleanup[2] linecache
#   clear[2] updatecache
#   clear[2] clearcache
#   clear[2] __all__
#   clear[2] __file__
#   clear[2] cache
#   clear[2] checkcache
#   clear[2] getline
#   clear[2] sys
#   clear[2] getlines
#   clear[2] __name__
#   clear[2] os
#   clear[2] __doc__
# cleanup[2] os
#   clear[1] _Environ
#   clear[1] _spawnvef
#   clear[1] _make_stat_result
#   clear[1] _copy_reg
#   clear[1] _exists
#   clear[1] _pickle_statvfs_result
#   clear[1] _exit
#   clear[1] _get_exports_list
#   clear[1] _execvpe
#   clear[1] _make_statvfs_result
#   clear[1] _pickle_stat_result
#   clear[2] WTERMSIG
#   clear[2] lseek
#   clear[2] EX_IOERR
#   clear[2] EX_NOHOST
#   clear[2] seteuid
#   clear[2] pathsep
#   clear[2] execle
#   clear[2] major
#   clear[2] fstatvfs
#   clear[2] uname
#   clear[2] kill
#   clear[2] urandom
#   clear[2] execlp
#   clear[2] ST_RELATIME
#   clear[2] getegid
#   clear[2] EX_OSFILE
#   clear[2] umask
#   clear[2] linesep
#   clear[2] ST_NODIRATIME
#   clear[2] fchmod
#   clear[2] lchown
#   clear[2] setgid
#   clear[2] tmpnam
#   clear[2] devnull
#   clear[2] EX_NOINPUT
#   clear[2] makedev
#   clear[2] fstat
#   clear[2] getlogin
#   clear[2] EX_TEMPFAIL
#   clear[2] O_CREAT
#   clear[2] dup2
#   clear[2] read
#   clear[2] __file__
#   clear[2] getppid
#   clear[2] fchown
#   clear[2] getloadavg
#   clear[2] WIFSTOPPED
#   clear[2] getpgrp
#   clear[2] TMP_MAX
#   clear[2] utime
#   clear[2] execl
#   clear[2] ST_SYNCHRONOUS
#   clear[2] F_OK
#   clear[2] ST_WRITE
#   clear[2] fsync
#   clear[2] tcsetpgrp
#   clear[2] statvfs
#   clear[2] setreuid
#   clear[2] remove
#   clear[2] setegid
#   clear[2] P_NOWAITO
#   clear[2] execv
#   clear[2] spawnv
#   clear[2] spawnvpe
#   clear[2] EX_OSERR
#   clear[2] ttyname
#   clear[2] pardir
#   clear[2] tempnam
#   clear[2] tmpfile
#   clear[2] sep
#   clear[2] mkfifo
#   clear[2] O_NOFOLLOW
#   clear[2] defpath
#   clear[2] popen2
#   clear[2] stat
#   clear[2] O_APPEND
#   clear[2] EX_CANTCREAT
#   clear[2] mknod
#   clear[2] O_NOCTTY
#   clear[2] close
#   clear[2] getgid
#   clear[2] ctermid
#   clear[2] WIFSIGNALED
#   clear[2] killpg
#   clear[2] __all__
#   clear[2] ST_APPEND
#   clear[2] makedirs
#   clear[2] lstat
#   clear[2] getcwdu
#   clear[2] WNOHANG
#   clear[2] access
#   clear[2] setsid
#   clear[2] O_NOATIME
#   clear[2] NGROUPS_MAX
#   clear[2] WIFCONTINUED
#   clear[2] O_RDWR
#   clear[2] P_WAIT
#   clear[2] stat_result
#   clear[2] setpgid
#   clear[2] UserDict
#   clear[2] walk
#   clear[2] getcwd
#   clear[2] EX_SOFTWARE
#   clear[2] symlink
#   clear[2] stat_float_times
#   clear[2] extsep
#   clear[2] __name__
#   clear[2] O_TRUNC
#   clear[2] getsid
#   clear[2] wait
#   clear[2] O_DIRECTORY
#   clear[2] WCONTINUED
#   clear[2] SEEK_END
#   clear[2] ST_NOEXEC
#   clear[2] openpty
#   clear[2] popen
#   clear[2] times
#   clear[2] P_NOWAIT
#   clear[2] removedirs
#   clear[2] renames
#   clear[2] readlink
#   clear[2] execlpe
#   clear[2] setregid
#   clear[2] O_DSYNC
#   clear[2] rename
#   clear[2] O_RSYNC
#   clear[2] fchdir
#   clear[2] mkdir
#   clear[2] ST_NOSUID
#   clear[2] WCOREDUMP
#   clear[2] chmod
#   clear[2] SEEK_CUR
#   clear[2] getpgid
#   clear[2] popen4
#   clear[2] O_ASYNC
#   clear[2] open
#   clear[2] putenv
#   clear[2] fdopen
#   clear[2] errno
#   clear[2] WIFEXITED
#   clear[2] system
#   clear[2] ST_MANDLOCK
#   clear[2] name
#   clear[2] rmdir
#   clear[2] O_WRONLY
#   clear[2] dup
#   clear[2] fdatasync
#   clear[2] __doc__
#   clear[2] minor
#   clear[2] getpid
#   clear[2] fork
#   clear[2] isatty
#   clear[2] execvpe
#   clear[2] O_LARGEFILE
#   clear[2] EX_NOPERM
#   clear[2] closerange
#   clear[2] execvp
#   clear[2] WSTOPSIG
#   clear[2] getenv
#   clear[2] sysconf_names
#   clear[2] link
#   clear[2] execve
#   clear[2] wait4
#   clear[2] O_SYNC
#   clear[2] chdir
#   clear[2] wait3
#   clear[2] strerror
#   clear[2] popen3
#   clear[2] abort
#   clear[2] error
#   clear[2] ftruncate
#   clear[2] WUNTRACED
#   clear[2] setuid
#   clear[2] EX_DATAERR
#   clear[2] curdir
#   clear[2] sysconf
#   clear[2] ST_NOATIME
#   clear[2] W_OK
#   clear[2] EX_OK
#   clear[2] R_OK
#   clear[2] statvfs_result
#   clear[2] O_NONBLOCK
#   clear[2] confstr
#   clear[2] path
#   clear[2] WEXITSTATUS
#   clear[2] EX_NOUSER
#   clear[2] pipe
#   clear[2] chroot
#   clear[2] getgroups
#   clear[2] spawnlpe
#   clear[2] geteuid
#   clear[2] spawnve
#   clear[2] setpgrp
#   clear[2] write
#   clear[2] EX_UNAVAILABLE
#   clear[2] waitpid
#   clear[2] forkpty
#   clear[2] nice
#   clear[2] listdir
#   clear[2] pathconf
#   clear[2] ST_RDONLY
#   clear[2] unsetenv
#   clear[2] SEEK_SET
#   clear[2] spawnle
#   clear[2] O_RDONLY
#   clear[2] O_DIRECT
#   clear[2] sys
#   clear[2] pathconf_names
#   clear[2] confstr_names
#   clear[2] setgroups
#   clear[2] unlink
#   clear[2] tcgetpgrp
#   clear[2] spawnlp
#   clear[2] spawnl
#   clear[2] EX_PROTOCOL
#   clear[2] getuid
#   clear[2] spawnvp
#   clear[2] X_OK
#   clear[2] O_EXCL
#   clear[2] fpathconf
#   clear[2] chown
#   clear[2] environ
#   clear[2] O_NDELAY
#   clear[2] EX_CONFIG
#   clear[2] EX_USAGE
#   clear[2] ST_NODEV
# cleanup sys
#   clear[1] _clear_type_cache
#   clear[1] _current_frames
#   clear[1] _getframe
#   clear[2] setrecursionlimit
#   clear[2] dont_write_bytecode
#   clear[2] getrefcount
#   clear[2] stdout
#   clear[2] getprofile
#   clear[2] __stdin__
#   clear[2] version_info
#   clear[2] exc_clear
#   clear[2] prefix
#   clear[2] getfilesystemencoding
#   clear[2] byteorder
#   clear[2] excepthook
#   clear[2] subversion
#   clear[2] __excepthook__
#   clear[2] executable
#   clear[2] copyright
#   clear[2] setdlopenflags
#   clear[2] exec_prefix
#   clear[2] getdlopenflags
#   clear[2] getrecursionlimit
#   clear[2] py3kwarning
#   clear[2] platform
#   clear[2] maxsize
#   clear[2] version
#   clear[2] exit
#   clear[2] call_tracing
#   clear[2] callstats
#   clear[2] setcheckinterval
#   clear[2] __doc__
#   clear[2] api_version
#   clear[2] pydebug
#   clear[2] __plen
#   clear[2] getdefaultencoding
#   clear[2] getcheckinterval
#   clear[2] maxunicode
#   clear[2] settrace
#   clear[2] setprofile
#   clear[2] __stdout__
#   clear[2] __name__
#   clear[2] builtin_module_names
#   clear[2] stdin
#   clear[2] __stderr__
#   clear[2] __egginsert
#   clear[2] displayhook
#   clear[2] gettrace
#   clear[2] modules
#   clear[2] warnoptions
#   clear[2] getsizeof
#   clear[2] maxint
#   clear[2] __displayhook__
#   clear[2] stderr
#   clear[2] exc_info
#   clear[2] hexversion
# cleanup __builtin__
#   clear[2] bytearray
#   clear[2] IndexError
#   clear[2] all
#   clear[2] help
#   clear[2] vars
#   clear[2] SyntaxError
#   clear[2] unicode
#   clear[2] UnicodeDecodeError
#   clear[2] isinstance
#   clear[2] copyright
#   clear[2] NameError
#   clear[2] BytesWarning
#   clear[2] dict
#   clear[2] input
#   clear[2] oct
#   clear[2] bin
#   clear[2] SystemExit
#   clear[2] StandardError
#   clear[2] format
#   clear[2] repr
#   clear[2] sorted
#   clear[2] False
#   clear[2] RuntimeWarning
#   clear[2] list
#   clear[2] iter
#   clear[2] reload
#   clear[2] Warning
#   clear[2] round
#   clear[2] dir
#   clear[2] cmp
#   clear[2] set
#   clear[2] bytes
#   clear[2] reduce
#   clear[2] intern
#   clear[2] issubclass
#   clear[2] Ellipsis
#   clear[2] EOFError
#   clear[2] locals
#   clear[2] BufferError
#   clear[2] slice
#   clear[2] FloatingPointError
#   clear[2] sum
#   clear[2] getattr
#   clear[2] abs
#   clear[2] exit
#   clear[2] print
#   clear[2] True
#   clear[2] FutureWarning
#   clear[2] ImportWarning
#   clear[2] hash
#   clear[2] ReferenceError
#   clear[2] len
#   clear[2] credits
#   clear[2] frozenset
#   clear[2] __name__
#   clear[2] ord
#   clear[2] super
#   clear[2] TypeError
#   clear[2] license
#   clear[2] KeyboardInterrupt
#   clear[2] UserWarning
#   clear[2] filter
#   clear[2] range
#   clear[2] staticmethod
#   clear[2] SystemError
#   clear[2] BaseException
#   clear[2] pow
#   clear[2] RuntimeError
#   clear[2] float
#   clear[2] MemoryError
#   clear[2] StopIteration
#   clear[2] globals
#   clear[2] divmod
#   clear[2] enumerate
#   clear[2] apply
#   clear[2] LookupError
#   clear[2] open
#   clear[2] quit
#   clear[2] basestring
#   clear[2] UnicodeError
#   clear[2] zip
#   clear[2] hex
#   clear[2] long
#   clear[2] next
#   clear[2] ImportError
#   clear[2] chr
#   clear[2] xrange
#   clear[2] type
#   clear[2] __doc__
#   clear[2] Exception
#   clear[2] tuple
#   clear[2] UnicodeTranslateError
#   clear[2] reversed
#   clear[2] UnicodeEncodeError
#   clear[2] IOError
#   clear[2] hasattr
#   clear[2] delattr
#   clear[2] setattr
#   clear[2] raw_input
#   clear[2] SyntaxWarning
#   clear[2] compile
#   clear[2] ArithmeticError
#   clear[2] str
#   clear[2] property
#   clear[2] GeneratorExit
#   clear[2] int
#   clear[2] __import__
#   clear[2] KeyError
#   clear[2] coerce
#   clear[2] PendingDeprecationWarning
#   clear[2] file
#   clear[2] EnvironmentError
#   clear[2] unichr
#   clear[2] id
#   clear[2] OSError
#   clear[2] DeprecationWarning
#   clear[2] min
#   clear[2] UnicodeWarning
#   clear[2] execfile
#   clear[2] any
#   clear[2] complex
#   clear[2] bool
#   clear[2] ValueError
#   clear[2] NotImplemented
#   clear[2] map
#   clear[2] buffer
#   clear[2] max
#   clear[2] object
#   clear[2] TabError
#   clear[2] callable
#   clear[2] ZeroDivisionError
#   clear[2] eval
#   clear[2] __debug__
#   clear[2] IndentationError
#   clear[2] AssertionError
#   clear[2] classmethod
#   clear[2] UnboundLocalError
#   clear[2] NotImplementedError
#   clear[2] AttributeError
#   clear[2] OverflowError
# cleanup ints: 18 unfreed ints
#   <int at 0x8d0e110, refcnt=1, val=590923713>
#   <int at 0x8d0e11c, refcnt=1, val=907133923>
#   <int at 0x8d0e128, refcnt=1, val=69069>
#   <int at 0x8d0e134, refcnt=1, val=89869747>
#   <int at 0x8d0e140, refcnt=1, val=1927868237>
#   <int at 0x8cebca0, refcnt=2, val=23>
#   <int at 0x8cebcf4, refcnt=3, val=16>
#   <int at 0x8cebd00, refcnt=3, val=15>
#   <int at 0x8cebd30, refcnt=3, val=11>
#   <int at 0x8cebd3c, refcnt=5, val=10>
#   <int at 0x8cebd48, refcnt=2, val=9>
#   <int at 0x8cebd54, refcnt=2, val=8>
#   <int at 0x8cebd60, refcnt=2, val=7>
#   <int at 0x8cebd90, refcnt=7, val=3>
#   <int at 0x8cebd9c, refcnt=5, val=2>
#   <int at 0x8cebda8, refcnt=11, val=1>
#   <int at 0x8cebdb4, refcnt=20, val=0>
#   <int at 0x8cebdc0, refcnt=5, val=-1>
# cleanup floats
